Determining if the pthread_create exist failed with the following output:
Change Dir: /home/alex/Git/Research/coordination/envs/installation/catkin_ws/build/CMakeFiles/CMakeTmp

Run Build Command:/usr/bin/make "cmTryCompileExec2092671268/fast"
/usr/bin/make -f CMakeFiles/cmTryCompileExec2092671268.dir/build.make CMakeFiles/cmTryCompileExec2092671268.dir/build
make[1]: Entering directory `/home/alex/Git/Research/coordination/envs/installation/catkin_ws/build/CMakeFiles/CMakeTmp'
/usr/bin/cmake -E cmake_progress_report /home/alex/Git/Research/coordination/envs/installation/catkin_ws/build/CMakeFiles/CMakeTmp/CMakeFiles 1
Building C object CMakeFiles/cmTryCompileExec2092671268.dir/CheckSymbolExists.c.o
/usr/bin/cc    -o CMakeFiles/cmTryCompileExec2092671268.dir/CheckSymbolExists.c.o   -c /home/alex/Git/Research/coordination/envs/installation/catkin_ws/build/CMakeFiles/CMakeTmp/CheckSymbolExists.c
Linking C executable cmTryCompileExec2092671268
/usr/bin/cmake -E cmake_link_script CMakeFiles/cmTryCompileExec2092671268.dir/link.txt --verbose=1
/usr/bin/cc       CMakeFiles/cmTryCompileExec2092671268.dir/CheckSymbolExists.c.o  -o cmTryCompileExec2092671268 -rdynamic 
CMakeFiles/cmTryCompileExec2092671268.dir/CheckSymbolExists.c.o: In function `main':
CheckSymbolExists.c:(.text+0x16): undefined reference to `pthread_create'
collect2: error: ld returned 1 exit status
make[1]: *** [cmTryCompileExec2092671268] Error 1
make[1]: Leaving directory `/home/alex/Git/Research/coordination/envs/installation/catkin_ws/build/CMakeFiles/CMakeTmp'
make: *** [cmTryCompileExec2092671268/fast] Error 2

File /home/alex/Git/Research/coordination/envs/installation/catkin_ws/build/CMakeFiles/CMakeTmp/CheckSymbolExists.c:
/* */
#include <pthread.h>

int main(int argc, char** argv)
{
  (void)argv;
#ifndef pthread_create
  return ((int*)(&pthread_create))[argc];
#else
  (void)argc;
  return 0;
#endif
}

Determining if the function pthread_create exists in the pthreads failed with the following output:
Change Dir: /home/alex/Git/Research/coordination/envs/installation/catkin_ws/build/CMakeFiles/CMakeTmp

Run Build Command:/usr/bin/make "cmTryCompileExec1715860802/fast"
/usr/bin/make -f CMakeFiles/cmTryCompileExec1715860802.dir/build.make CMakeFiles/cmTryCompileExec1715860802.dir/build
make[1]: Entering directory `/home/alex/Git/Research/coordination/envs/installation/catkin_ws/build/CMakeFiles/CMakeTmp'
/usr/bin/cmake -E cmake_progress_report /home/alex/Git/Research/coordination/envs/installation/catkin_ws/build/CMakeFiles/CMakeTmp/CMakeFiles 1
Building C object CMakeFiles/cmTryCompileExec1715860802.dir/CheckFunctionExists.c.o
/usr/bin/cc   -DCHECK_FUNCTION_EXISTS=pthread_create   -o CMakeFiles/cmTryCompileExec1715860802.dir/CheckFunctionExists.c.o   -c /usr/share/cmake-2.8/Modules/CheckFunctionExists.c
Linking C executable cmTryCompileExec1715860802
/usr/bin/cmake -E cmake_link_script CMakeFiles/cmTryCompileExec1715860802.dir/link.txt --verbose=1
/usr/bin/cc   -DCHECK_FUNCTION_EXISTS=pthread_create    CMakeFiles/cmTryCompileExec1715860802.dir/CheckFunctionExists.c.o  -o cmTryCompileExec1715860802 -rdynamic -lpthreads 
/usr/bin/ld: cannot find -lpthreads
collect2: error: ld returned 1 exit status
make[1]: *** [cmTryCompileExec1715860802] Error 1
make[1]: Leaving directory `/home/alex/Git/Research/coordination/envs/installation/catkin_ws/build/CMakeFiles/CMakeTmp'
make: *** [cmTryCompileExec1715860802/fast] Error 2


